<?xml version="1.0" encoding="UTF-8"?>
<testng-results ignored="0" total="3" passed="3" failed="0" skipped="0">
  <reporter-output>
  </reporter-output>
  <suite started-at="2024-12-17T15:41:05 ICT" name="Default suite" finished-at="2024-12-17T15:42:28 ICT" duration-ms="82912">
    <groups>
    </groups>
    <test started-at="2024-12-17T15:41:05 ICT" name="Default test" finished-at="2024-12-17T15:42:28 ICT" duration-ms="82912">
      <class name="BellatrixTest">
        <test-method is-config="true" signature="beforeMethod()[pri:0, instance:BellatrixTest@55182842]" started-at="2024-12-17T15:41:05 ICT" name="beforeMethod" finished-at="2024-12-17T15:41:06 ICT" duration-ms="1265" status="PASS">
          <reporter-output>
          </reporter-output>
        </test-method> <!-- beforeMethod -->
        <test-method signature="TC01()[pri:0, instance:BellatrixTest@55182842]" started-at="2024-12-17T15:41:06 ICT" name="TC01" finished-at="2024-12-17T15:41:50 ICT" duration-ms="43704" status="PASS">
          <reporter-output>
          </reporter-output>
        </test-method> <!-- TC01 -->
        <test-method signature="TC02()[pri:0, instance:BellatrixTest@55182842]" started-at="2024-12-17T15:41:50 ICT" name="TC02" finished-at="2024-12-17T15:42:24 ICT" duration-ms="33619" status="PASS">
          <reporter-output>
          </reporter-output>
        </test-method> <!-- TC02 -->
        <test-method signature="TC03()[pri:0, instance:BellatrixTest@55182842]" started-at="2024-12-17T15:42:24 ICT" name="TC03" finished-at="2024-12-17T15:42:28 ICT" duration-ms="3962" status="PASS">
          <reporter-output>
          </reporter-output>
        </test-method> <!-- TC03 -->
        <test-method is-config="true" signature="afterTest()[pri:0, instance:BellatrixTest@55182842]" started-at="2024-12-17T15:42:28 ICT" name="afterTest" finished-at="2024-12-17T15:42:28 ICT" duration-ms="319" status="PASS">
          <reporter-output>
          </reporter-output>
        </test-method> <!-- afterTest -->
      </class> <!-- BellatrixTest -->
    </test> <!-- Default test -->
  </suite> <!-- Default suite -->
</testng-results>
