<?xml version="1.0" encoding="UTF-8"?>
<testng-results ignored="0" total="1" passed="1" failed="0" skipped="0">
  <reporter-output>
  </reporter-output>
  <suite started-at="2024-12-18T10:30:37 ICT" name="Default suite" finished-at="2024-12-18T10:30:37 ICT" duration-ms="50">
    <groups>
    </groups>
    <test started-at="2024-12-18T10:30:37 ICT" name="Default test" finished-at="2024-12-18T10:30:37 ICT" duration-ms="50">
      <class name="testConfiguration.TestDemo">
        <test-method signature="test()[pri:0, instance:testConfiguration.TestDemo@77847718]" started-at="2024-12-18T10:30:37 ICT" name="test" finished-at="2024-12-18T10:30:37 ICT" duration-ms="6" status="PASS">
          <reporter-output>
          </reporter-output>
        </test-method> <!-- test -->
      </class> <!-- testConfiguration.TestDemo -->
    </test> <!-- Default test -->
  </suite> <!-- Default suite -->
</testng-results>
